<?xml version="1.0" encoding="UTF-8"?>
<testsuite xmlns:xsi="http://www.w3.org/2001/XMLSchema-instance" xsi:noNamespaceSchemaLocation="https://maven.apache.org/surefire/maven-surefire-plugin/xsd/surefire-test-report-3.0.xsd" version="3.0" name="br.tec.ici.saude.medicamento.application.patient.service.PatientServiceTest" time="0.043" tests="4" errors="0" skipped="0" failures="0">
  <properties>
[...]
</properties>
  <testcase name="testFindAll" classname="br.tec.ici.saude.medicamento.application.patient.service.PatientServiceTest" time="0.035"/>
  <testcase name="testSave" classname="br.tec.ici.saude.medicamento.application.patient.service.PatientServiceTest" time="0.001"/>
  <testcase name="testFindById" classname="br.tec.ici.saude.medicamento.application.patient.service.PatientServiceTest" time="0.001"/>
  <testcase name="testCalculateAge" classname="br.tec.ici.saude.medicamento.application.patient.service.PatientServiceTest" time="0.003"/>
</testsuite>